<?xml version="1.0" encoding="UTF-8"?>
<!-- Generated by org.testng.reporters.JUnitXMLReporter -->
<testsuite ignored="1" hostname="IBM-PF2ZG32E" failures="1" tests="20" name="Test" time="0.093" errors="0" timestamp="2022-05-24T22:35:01 IST">
  <testcase classname="SeleniumPractice.TestNG6" name="a" time="0.009"/>
  <testcase classname="SeleniumPractice.TestNG6" name="b" time="0.001"/>
  <testcase classname="SeleniumPractice.TestNG6" name="c" time="0.001"/>
  <testcase classname="SeleniumPractice.TestNG6" name="c" time="0.001"/>
  <testcase classname="SeleniumPractice.TestNG7" name="a" time="0.002">
    <failure type="java.lang.AssertionError" message="expected [true] but found [false]">
      <![CDATA[java.lang.AssertionError: expected [true] but found [false]
at SeleniumPractice.TestNG7.a(TestNG7.java:10)
at java.base/java.util.ArrayList.forEach(ArrayList.java:1511)
... Removed 31 stack frames]]>
    </failure>
  </testcase> <!-- a -->
  <testcase classname="SeleniumPractice.TestNG7" name="b" time="0.0">
    <skipped/>
  </testcase> <!-- b -->
  <testcase classname="SeleniumPractice.TestNG8" name="assertionCheck" time="0.001"/>
  <testcase classname="SeleniumPractice.TestNg1" name="a" time="0.001"/>
  <testcase classname="SeleniumPractice.TestNg1" name="b" time="0.001"/>
  <testcase classname="SeleniumPractice.TestNg1" name="c" time="0.001"/>
  <testcase classname="SeleniumPractice.TestNG4" name="b" time="0.001"/>
  <testcase classname="SeleniumPractice.TestNG4" name="a" time="0.001"/>
  <testcase classname="SeleniumPractice.TestNG4" name="e" time="0.001"/>
  <testcase classname="SeleniumPractice.TestNG4" name="s" time="0.001"/>
  <testcase classname="SeleniumPractice.TestNG4" name="z" time="0.001"/>
  <testcase classname="SeleniumPractice.TestNG4" name="f" time="0.001"/>
  <testcase classname="SeleniumPractice.TestNG4" name="d" time="0.0"/>
  <testcase classname="SeleniumPractice.TestNG5" name="a" time="0.0"/>
  <testcase classname="SeleniumPractice.TestNG5" name="c" time="0.0"/>
  <testcase classname="SeleniumPractice.TestNG5" name="d" time="0.002">
    <skipped/>
  </testcase> <!-- d -->
  <testcase classname="SeleniumPractice.TestNG5" name="b" time="0.0">
    <ignored/>
  </testcase> <!-- b -->
</testsuite> <!-- Test -->
